24:03:53.806937 dns-monitor Log continuation - Log started 2021-09-20T14:44:36.603768900Z
24:03:53.817312 dns-monitor HostDnsMonitor: unchanged
24:12:13.951824 MainPower Host suspending: Paused 1 VMs
24:13:56.008689 MainPower Host resumed: Resumed 1 VMs
24:13:57.548799 dns-monitor HostDnsMonitor: updating information
24:13:57.548909 dns-monitor HostDnsMonitor: unchanged
24:17:05.340972 USBPROXY usbLibGetDevices: Starting USB device enumeration
24:17:05.347062 USBPROXY Getting USB descriptor (id 0) failed (dwErr=31) on hub USB#VID_1A40&PID_0101#5&1a9880ac&0&5#{f18a0e88-c30c-11d0-8815-00a0c906bed8} port 1
24:17:05.347329 USBPROXY Getting USB descriptor (id 0) failed (dwErr=31) on hub USB#VID_1A40&PID_0101#5&1a9880ac&0&5#{f18a0e88-c30c-11d0-8815-00a0c906bed8} port 2
24:17:05.354871 USBPROXY usbLibGetDevices: Found 4 USB devices, 0 captured
24:17:33.233500 dns-monitor HostDnsMonitor: updating information
24:17:33.233575 dns-monitor HostDnsMonitor: old information
24:17:33.233593 dns-monitor   server 1: 192.168.43.1
24:17:33.233608 dns-monitor   no domain set
24:17:33.233620 dns-monitor   no search string entries
24:17:33.233648 dns-monitor HostDnsMonitor: new information
24:17:33.233661 dns-monitor   no server entries
24:17:33.233673 dns-monitor   no domain set
24:17:33.233686 dns-monitor   no search string entries
24:17:37.077568 dns-monitor HostDnsMonitor: updating information
24:17:37.077606 dns-monitor HostDnsMonitor: old information
24:17:37.077617 dns-monitor   no server entries
24:17:37.077626 dns-monitor   no domain set
24:17:37.077634 dns-monitor   no search string entries
24:17:37.077642 dns-monitor HostDnsMonitor: new information
24:17:37.077650 dns-monitor   server 1: 192.168.1.1
24:17:37.077663 dns-monitor   server 2: 180.76.76.76
24:17:37.077682 dns-monitor   no domain set
24:17:37.077694 dns-monitor   no search string entries
24:18:56.726989 USBPROXY usbLibGetDevices: Starting USB device enumeration
24:18:56.727851 USBPROXY Getting USB descriptor (id 0) failed (dwErr=31) on hub USB#ROOT_HUB30#4&2a83c95&0&0#{f18a0e88-c30c-11d0-8815-00a0c906bed8} port 3
24:18:56.728496 USBPROXY Getting USB descriptor (id 0) failed (dwErr=31) on hub USB#VID_1A40&PID_0101#5&1a9880ac&0&5#{f18a0e88-c30c-11d0-8815-00a0c906bed8} port 1
24:18:56.728875 USBPROXY Getting USB descriptor (id 0) failed (dwErr=31) on hub USB#VID_1A40&PID_0101#5&1a9880ac&0&5#{f18a0e88-c30c-11d0-8815-00a0c906bed8} port 2
24:18:56.732260 USBPROXY usbLibGetDevices: Found 4 USB devices, 0 captured
24:57:57.499479 dns-monitor HostDnsMonitor: updating information
24:57:57.499644 dns-monitor HostDnsMonitor: unchanged
25:24:24.952382 dns-monitor HostDnsMonitor: updating information
25:24:24.952560 dns-monitor HostDnsMonitor: unchanged
26:29:24.868810 MainPower Host suspending: Paused 1 VMs
29:04:00.728827 MainPower Host resumed: Resumed 1 VMs
29:04:01.816194 dns-monitor HostDnsMonitor: updating information
29:04:01.816282 dns-monitor HostDnsMonitor: old information
29:04:01.816304 dns-monitor   server 1: 192.168.1.1
29:04:01.816323 dns-monitor   server 2: 180.76.76.76
29:04:01.816339 dns-monitor   no domain set
29:04:01.816354 dns-monitor   no search string entries
29:04:01.816370 dns-monitor HostDnsMonitor: new information
29:04:01.816385 dns-monitor   no server entries
29:04:01.816401 dns-monitor   no domain set
29:04:01.816416 dns-monitor   no search string entries
29:07:15.434277 USBPROXY usbLibGetDevices: Starting USB device enumeration
29:07:15.439476 USBPROXY Getting USB descriptor (id 0) failed (dwErr=31) on hub USB#VID_1A40&PID_0101#5&1a9880ac&0&5#{f18a0e88-c30c-11d0-8815-00a0c906bed8} port 1
29:07:15.439816 USBPROXY Getting USB descriptor (id 0) failed (dwErr=31) on hub USB#VID_1A40&PID_0101#5&1a9880ac&0&5#{f18a0e88-c30c-11d0-8815-00a0c906bed8} port 2
29:07:15.441392 USBPROXY usbLibGetDevices: Found 4 USB devices, 0 captured
29:09:27.995140 USBPROXY usbLibGetDevices: Starting USB device enumeration
29:09:27.995531 USBPROXY Getting USB descriptor (id 0) failed (dwErr=31) on hub USB#ROOT_HUB30#4&2a83c95&0&0#{f18a0e88-c30c-11d0-8815-00a0c906bed8} port 3
29:09:27.996005 USBPROXY Getting USB descriptor (id 0) failed (dwErr=31) on hub USB#VID_1A40&PID_0101#5&1a9880ac&0&5#{f18a0e88-c30c-11d0-8815-00a0c906bed8} port 1
29:09:27.996216 USBPROXY Getting USB descriptor (id 0) failed (dwErr=31) on hub USB#VID_1A40&PID_0101#5&1a9880ac&0&5#{f18a0e88-c30c-11d0-8815-00a0c906bed8} port 2
29:09:27.997282 USBPROXY usbLibGetDevices: Found 4 USB devices, 0 captured
29:35:51.431480 MainPower Host suspending: Paused 1 VMs
31:20:13.742730 MainPower Host resumed: Resumed 1 VMs
31:23:19.223797 USBPROXY usbLibGetDevices: Starting USB device enumeration
31:23:19.237307 USBPROXY Getting USB descriptor (id 0) failed (dwErr=31) on hub USB#VID_1A40&PID_0101#5&1a9880ac&0&5#{f18a0e88-c30c-11d0-8815-00a0c906bed8} port 1
31:23:19.238156 USBPROXY Getting USB descriptor (id 0) failed (dwErr=31) on hub USB#VID_1A40&PID_0101#5&1a9880ac&0&5#{f18a0e88-c30c-11d0-8815-00a0c906bed8} port 2
31:23:19.807165 USBPROXY usbLibGetDevices: Found 4 USB devices, 0 captured
31:25:15.492379 USBPROXY usbLibGetDevices: Starting USB device enumeration
31:25:15.492979 USBPROXY Getting USB descriptor (id 0) failed (dwErr=31) on hub USB#ROOT_HUB30#4&2a83c95&0&0#{f18a0e88-c30c-11d0-8815-00a0c906bed8} port 3
31:25:15.493406 USBPROXY Getting USB descriptor (id 0) failed (dwErr=31) on hub USB#VID_1A40&PID_0101#5&1a9880ac&0&5#{f18a0e88-c30c-11d0-8815-00a0c906bed8} port 1
31:25:15.493884 USBPROXY Getting USB descriptor (id 0) failed (dwErr=31) on hub USB#VID_1A40&PID_0101#5&1a9880ac&0&5#{f18a0e88-c30c-11d0-8815-00a0c906bed8} port 2
31:25:15.495931 USBPROXY usbLibGetDevices: Found 4 USB devices, 0 captured
34:38:06.495387 MainPower Host suspending: Paused 1 VMs
39:35:38.514375 MainPower Host resumed: Resumed 1 VMs
39:38:49.630492 USBPROXY usbLibGetDevices: Starting USB device enumeration
39:38:49.666881 USBPROXY Getting USB descriptor (id 0) failed (dwErr=31) on hub USB#VID_1A40&PID_0101#5&1a9880ac&0&5#{f18a0e88-c30c-11d0-8815-00a0c906bed8} port 1
39:38:49.667146 USBPROXY Getting USB descriptor (id 0) failed (dwErr=31) on hub USB#VID_1A40&PID_0101#5&1a9880ac&0&5#{f18a0e88-c30c-11d0-8815-00a0c906bed8} port 2
39:38:49.673922 USBPROXY usbLibGetDevices: Found 4 USB devices, 0 captured
39:40:40.696276 USBPROXY usbLibGetDevices: Starting USB device enumeration
39:40:40.697522 USBPROXY Getting USB descriptor (id 0) failed (dwErr=31) on hub USB#ROOT_HUB30#4&2a83c95&0&0#{f18a0e88-c30c-11d0-8815-00a0c906bed8} port 3
39:40:40.698615 USBPROXY Getting USB descriptor (id 0) failed (dwErr=31) on hub USB#VID_1A40&PID_0101#5&1a9880ac&0&5#{f18a0e88-c30c-11d0-8815-00a0c906bed8} port 1
39:40:40.699354 USBPROXY Getting USB descriptor (id 0) failed (dwErr=31) on hub USB#VID_1A40&PID_0101#5&1a9880ac&0&5#{f18a0e88-c30c-11d0-8815-00a0c906bed8} port 2
39:40:40.702467 USBPROXY usbLibGetDevices: Found 4 USB devices, 0 captured
